mode: set
github.com/vlab-research/go-reloadly/reloadly/test_helpers.go:12.77,14.2 1 0
github.com/vlab-research/go-reloadly/reloadly/test_helpers.go:16.100,20.2 3 1
github.com/vlab-research/go-reloadly/reloadly/test_helpers.go:22.57,26.2 3 1
github.com/vlab-research/go-reloadly/reloadly/topup_worker.go:11.54,12.18 1 1
github.com/vlab-research/go-reloadly/reloadly/topup_worker.go:14.11,15.18 1 0
github.com/vlab-research/go-reloadly/reloadly/topup_worker.go:17.15,22.29 2 1
github.com/vlab-research/go-reloadly/reloadly/topup_worker.go:25.3,25.28 1 1
github.com/vlab-research/go-reloadly/reloadly/topup_worker.go:27.10,28.28 1 1
github.com/vlab-research/go-reloadly/reloadly/topup_worker.go:22.29,24.4 1 1
github.com/vlab-research/go-reloadly/reloadly/topup_worker.go:32.50,38.16 3 1
github.com/vlab-research/go-reloadly/reloadly/topup_worker.go:42.2,43.12 2 1
github.com/vlab-research/go-reloadly/reloadly/topup_worker.go:38.16,40.3 1 0
github.com/vlab-research/go-reloadly/reloadly/topup_worker.go:61.72,64.33 2 0
github.com/vlab-research/go-reloadly/reloadly/topup_worker.go:70.2,70.10 1 0
github.com/vlab-research/go-reloadly/reloadly/topup_worker.go:64.33,66.3 1 0
github.com/vlab-research/go-reloadly/reloadly/topup_worker.go:66.8,66.45 1 0
github.com/vlab-research/go-reloadly/reloadly/topup_worker.go:66.45,68.3 1 0
github.com/vlab-research/go-reloadly/reloadly/topup_worker.go:73.69,83.2 8 0
github.com/vlab-research/go-reloadly/reloadly/topup_worker.go:85.66,91.22 4 0
github.com/vlab-research/go-reloadly/reloadly/topup_worker.go:97.2,97.17 1 0
github.com/vlab-research/go-reloadly/reloadly/topup_worker.go:91.22,93.3 1 0
github.com/vlab-research/go-reloadly/reloadly/topup_worker.go:93.8,95.3 1 0
github.com/vlab-research/go-reloadly/reloadly/topup_worker.go:100.60,103.16 2 0
github.com/vlab-research/go-reloadly/reloadly/topup_worker.go:107.2,107.42 1 0
github.com/vlab-research/go-reloadly/reloadly/topup_worker.go:103.16,105.3 1 0
github.com/vlab-research/go-reloadly/reloadly/topup_worker.go:110.55,113.2 2 0
github.com/vlab-research/go-reloadly/reloadly/topups.go:15.57,19.16 4 0
github.com/vlab-research/go-reloadly/reloadly/topups.go:22.2,23.12 2 0
github.com/vlab-research/go-reloadly/reloadly/topups.go:19.16,21.3 1 0
github.com/vlab-research/go-reloadly/reloadly/topups.go:26.57,30.2 3 0
github.com/vlab-research/go-reloadly/reloadly/topups.go:32.56,34.2 1 0
github.com/vlab-research/go-reloadly/reloadly/topups.go:84.27,95.2 1 0
github.com/vlab-research/go-reloadly/reloadly/topups.go:97.43,99.2 1 1
github.com/vlab-research/go-reloadly/reloadly/topups.go:101.46,103.2 1 0
github.com/vlab-research/go-reloadly/reloadly/topups.go:105.67,110.2 4 1
github.com/vlab-research/go-reloadly/reloadly/topups.go:112.52,114.2 1 0
github.com/vlab-research/go-reloadly/reloadly/topups.go:116.75,121.2 4 1
github.com/vlab-research/go-reloadly/reloadly/topups.go:123.69,126.2 2 1
github.com/vlab-research/go-reloadly/reloadly/topups.go:128.75,132.2 3 1
github.com/vlab-research/go-reloadly/reloadly/topups.go:134.55,137.2 2 1
github.com/vlab-research/go-reloadly/reloadly/topups.go:139.76,143.36 3 1
github.com/vlab-research/go-reloadly/reloadly/topups.go:149.2,152.3 1 1
github.com/vlab-research/go-reloadly/reloadly/topups.go:143.36,147.3 3 1
github.com/vlab-research/go-reloadly/reloadly/topups.go:155.102,156.42 1 1
github.com/vlab-research/go-reloadly/reloadly/topups.go:158.2,158.28 1 1
github.com/vlab-research/go-reloadly/reloadly/topups.go:164.2,164.43 1 1
github.com/vlab-research/go-reloadly/reloadly/topups.go:156.42,156.86 1 1
github.com/vlab-research/go-reloadly/reloadly/topups.go:158.28,159.47 1 1
github.com/vlab-research/go-reloadly/reloadly/topups.go:159.47,161.4 1 1
github.com/vlab-research/go-reloadly/reloadly/topups.go:167.97,168.42 1 1
github.com/vlab-research/go-reloadly/reloadly/topups.go:172.2,175.16 3 1
github.com/vlab-research/go-reloadly/reloadly/topups.go:183.2,183.21 1 1
github.com/vlab-research/go-reloadly/reloadly/topups.go:168.42,170.3 1 1
github.com/vlab-research/go-reloadly/reloadly/topups.go:175.16,181.3 2 1
github.com/vlab-research/go-reloadly/reloadly/topups.go:194.38,195.33 1 1
github.com/vlab-research/go-reloadly/reloadly/topups.go:208.2,208.14 1 0
github.com/vlab-research/go-reloadly/reloadly/topups.go:195.33,196.22 1 1
github.com/vlab-research/go-reloadly/reloadly/topups.go:200.34,202.15 1 1
github.com/vlab-research/go-reloadly/reloadly/topups.go:204.11,205.16 1 0
github.com/vlab-research/go-reloadly/reloadly/topups.go:211.95,214.20 2 1
github.com/vlab-research/go-reloadly/reloadly/topups.go:218.2,218.18 1 1
github.com/vlab-research/go-reloadly/reloadly/topups.go:226.2,226.23 1 1
github.com/vlab-research/go-reloadly/reloadly/topups.go:233.2,233.23 1 1
github.com/vlab-research/go-reloadly/reloadly/topups.go:241.2,251.68 4 1
github.com/vlab-research/go-reloadly/reloadly/topups.go:256.2,256.80 1 1
github.com/vlab-research/go-reloadly/reloadly/topups.go:214.20,216.3 1 1
github.com/vlab-research/go-reloadly/reloadly/topups.go:218.18,220.17 2 1
github.com/vlab-research/go-reloadly/reloadly/topups.go:223.3,223.18 1 1
github.com/vlab-research/go-reloadly/reloadly/topups.go:220.17,222.4 1 1
github.com/vlab-research/go-reloadly/reloadly/topups.go:226.23,228.3 1 1
github.com/vlab-research/go-reloadly/reloadly/topups.go:233.23,235.17 2 1
github.com/vlab-research/go-reloadly/reloadly/topups.go:238.3,238.13 1 1
github.com/vlab-research/go-reloadly/reloadly/topups.go:235.17,237.4 1 1
github.com/vlab-research/go-reloadly/reloadly/topups.go:251.68,253.3 1 1
github.com/vlab-research/go-reloadly/reloadly/auth.go:23.80,31.2 5 1
github.com/vlab-research/go-reloadly/reloadly/auth.go:33.34,34.34 1 1
github.com/vlab-research/go-reloadly/reloadly/auth.go:37.2,37.31 1 1
github.com/vlab-research/go-reloadly/reloadly/auth.go:34.34,36.3 1 0
github.com/vlab-research/go-reloadly/reloadly/auth.go:40.61,42.16 2 1
github.com/vlab-research/go-reloadly/reloadly/auth.go:45.2,48.12 4 1
github.com/vlab-research/go-reloadly/reloadly/auth.go:42.16,44.3 1 1
github.com/vlab-research/go-reloadly/reloadly/errors.go:13.51,17.16 4 0
github.com/vlab-research/go-reloadly/reloadly/errors.go:20.2,21.12 2 0
github.com/vlab-research/go-reloadly/reloadly/errors.go:17.16,19.3 1 0
github.com/vlab-research/go-reloadly/reloadly/errors.go:26.53,29.16 3 0
github.com/vlab-research/go-reloadly/reloadly/errors.go:33.2,34.16 2 0
github.com/vlab-research/go-reloadly/reloadly/errors.go:38.2,39.12 2 0
github.com/vlab-research/go-reloadly/reloadly/errors.go:29.16,31.3 1 0
github.com/vlab-research/go-reloadly/reloadly/errors.go:34.16,36.3 1 0
github.com/vlab-research/go-reloadly/reloadly/errors.go:54.32,56.2 1 1
github.com/vlab-research/go-reloadly/reloadly/errors.go:58.35,59.15 1 0
github.com/vlab-research/go-reloadly/reloadly/errors.go:62.2,62.10 1 0
github.com/vlab-research/go-reloadly/reloadly/errors.go:59.15,61.3 1 0
github.com/vlab-research/go-reloadly/reloadly/errors.go:65.34,67.2 1 0
github.com/vlab-research/go-reloadly/reloadly/errors.go:74.39,76.2 1 0
github.com/vlab-research/go-reloadly/reloadly/giftcards.go:66.64,70.16 4 1
github.com/vlab-research/go-reloadly/reloadly/giftcards.go:73.2,74.12 2 1
github.com/vlab-research/go-reloadly/reloadly/giftcards.go:70.16,72.3 1 0
github.com/vlab-research/go-reloadly/reloadly/giftcards.go:117.30,128.2 1 0
github.com/vlab-research/go-reloadly/reloadly/giftcards.go:130.49,132.2 1 1
github.com/vlab-research/go-reloadly/reloadly/giftcards.go:134.83,140.2 5 1
github.com/vlab-research/go-reloadly/reloadly/giftcards.go:142.70,147.2 4 1
github.com/vlab-research/go-reloadly/reloadly/giftcards.go:149.81,154.2 4 1
github.com/vlab-research/go-reloadly/reloadly/giftcards.go:156.79,160.2 3 1
github.com/vlab-research/go-reloadly/reloadly/giftcards.go:162.97,167.2 4 1
github.com/vlab-research/go-reloadly/reloadly/giftcards.go:169.85,175.2 5 1
github.com/vlab-research/go-reloadly/reloadly/giftcards.go:177.81,182.2 4 1
github.com/vlab-research/go-reloadly/reloadly/giftcards.go:184.91,190.2 5 1
github.com/vlab-research/go-reloadly/reloadly/giftcards.go:192.82,197.2 4 1
github.com/vlab-research/go-reloadly/reloadly/giftcards.go:199.76,203.2 3 1
github.com/vlab-research/go-reloadly/reloadly/giftcards.go:205.79,210.2 4 1
github.com/vlab-research/go-reloadly/reloadly/operator.go:26.61,29.16 3 1
github.com/vlab-research/go-reloadly/reloadly/operator.go:33.2,35.30 2 1
github.com/vlab-research/go-reloadly/reloadly/operator.go:43.2,44.12 2 1
github.com/vlab-research/go-reloadly/reloadly/operator.go:29.16,31.3 1 0
github.com/vlab-research/go-reloadly/reloadly/operator.go:35.30,37.17 2 1
github.com/vlab-research/go-reloadly/reloadly/operator.go:40.3,40.48 1 1
github.com/vlab-research/go-reloadly/reloadly/operator.go:37.17,39.4 1 0
github.com/vlab-research/go-reloadly/reloadly/operator.go:90.88,96.2 5 1
github.com/vlab-research/go-reloadly/reloadly/operator.go:98.80,104.2 5 1
github.com/vlab-research/go-reloadly/reloadly/operator.go:106.81,108.16 2 1
github.com/vlab-research/go-reloadly/reloadly/operator.go:112.2,112.25 1 1
github.com/vlab-research/go-reloadly/reloadly/operator.go:118.2,122.17 2 1
github.com/vlab-research/go-reloadly/reloadly/operator.go:108.16,110.3 1 1
github.com/vlab-research/go-reloadly/reloadly/operator.go:112.25,113.22 1 1
github.com/vlab-research/go-reloadly/reloadly/operator.go:113.22,115.4 1 1
github.com/vlab-research/go-reloadly/reloadly/reloadly.go:22.29,24.2 1 0
github.com/vlab-research/go-reloadly/reloadly/reloadly.go:26.128,27.33 1 1
github.com/vlab-research/go-reloadly/reloadly/reloadly.go:34.2,36.16 3 1
github.com/vlab-research/go-reloadly/reloadly/reloadly.go:40.2,42.23 2 1
github.com/vlab-research/go-reloadly/reloadly/reloadly.go:51.2,51.34 1 1
github.com/vlab-research/go-reloadly/reloadly/reloadly.go:58.2,58.26 1 1
github.com/vlab-research/go-reloadly/reloadly/reloadly.go:28.13,29.42 1 1
github.com/vlab-research/go-reloadly/reloadly/reloadly.go:30.14,31.40 1 1
github.com/vlab-research/go-reloadly/reloadly/reloadly.go:36.16,38.3 1 1
github.com/vlab-research/go-reloadly/reloadly/reloadly.go:42.23,45.3 2 1
github.com/vlab-research/go-reloadly/reloadly/reloadly.go:51.34,57.3 1 1
github.com/vlab-research/go-reloadly/reloadly/reloadly.go:61.110,63.39 1 1
github.com/vlab-research/go-reloadly/reloadly/reloadly.go:74.2,77.16 2 1
github.com/vlab-research/go-reloadly/reloadly/reloadly.go:87.2,87.26 1 1
github.com/vlab-research/go-reloadly/reloadly/reloadly.go:63.39,66.21 2 1
github.com/vlab-research/go-reloadly/reloadly/reloadly.go:71.3,71.52 1 1
github.com/vlab-research/go-reloadly/reloadly/reloadly.go:66.21,69.4 2 1
github.com/vlab-research/go-reloadly/reloadly/reloadly.go:77.16,78.68 1 1
github.com/vlab-research/go-reloadly/reloadly/reloadly.go:78.68,80.18 2 1
github.com/vlab-research/go-reloadly/reloadly/reloadly.go:83.4,83.15 1 1
github.com/vlab-research/go-reloadly/reloadly/reloadly.go:80.18,82.5 1 0
